<?xml version="1.0" encoding="UTF-8"?>
<testng-results ignored="0" total="1" passed="1" failed="0" skipped="0">
  <reporter-output>
  </reporter-output>
  <suite started-at="2022-01-14T19:32:04 IST" name="Default suite" finished-at="2022-01-14T19:32:04 IST" duration-ms="143">
    <groups>
    </groups>
    <test started-at="2022-01-14T19:32:04 IST" name="Default test" finished-at="2022-01-14T19:32:04 IST" duration-ms="143">
      <class name="Testing.LoginUIpage_Test">
        <test-method signature="testwithgiven_CredentialonUI()[pri:-1, instance:Testing.LoginUIpage_Test@ffaa6af]" started-at="2022-01-14T19:32:04 IST" name="testwithgiven_CredentialonUI" finished-at="2022-01-14T19:32:04 IST" duration-ms="27" status="PASS">
          <reporter-output>
          </reporter-output>
        </test-method> <!-- testwithgiven_CredentialonUI -->
        <test-method is-config="true" signature="takesnap(org.testng.ITestResult)[pri:0, instance:Testing.LoginUIpage_Test@ffaa6af]" started-at="2022-01-14T19:32:04 IST" name="takesnap" finished-at="2022-01-14T19:32:04 IST" duration-ms="10" status="PASS">
          <params>
            <param index="0">
              <value>
                <![CDATA[[TestResult name=testwithgiven_CredentialonUI status=SUCCESS method=LoginUIpage_Test.testwithgiven_CredentialonUI()[pri:-1, instance:Testing.LoginUIpage_Test@ffaa6af] output={null}]]]>
              </value>
            </param>
          </params>
          <reporter-output>
          </reporter-output>
        </test-method> <!-- takesnap -->
      </class> <!-- Testing.LoginUIpage_Test -->
    </test> <!-- Default test -->
  </suite> <!-- Default suite -->
</testng-results>
